S_define:21:6: warning: missing terminating " character [enabled by default]
     ("integration) trick_ret= submarine_integ();
      ^
In file included from S_source.hh:27:0:
models/submarine/include/Submarine.hh:6:0: error: unterminated #ifndef
 #ifndef SUBMARINE_HH
 ^
In file included from /home/caci114/Project_2023/SIM_submarine/S_source.hh:27:
[1m/home/caci114/Project_2023/SIM_submarine/models/submarine/include/Submarine.hh:6:2: [0m[0;1;31merror: [0m[1munterminated conditional directive[0m
#ifndef SUBMARINE_HH
[0;1;32m ^
[0m[1m/home/caci114/Project_2023/SIM_submarine/models/submarine/include/Submarine.hh:67:2: [0m[0;1;31merror: [0m[1mexpected ';' after class[0m
}
[0;1;32m ^
[0m[0;32m ;
[0m[1m/home/caci114/Project_2023/SIM_submarine/S_source.hh:822:63: [0m[0;1;31merror: [0m[1minvalid suffix on literal; C++11 requires a space between literal and identifier[0m
            job = this->add_job(0, 3, "integration, NULL, 1, "submarine_integ", "", 60000) ;
[0;1;32m                                                              ^
[0m[0;32m                                                               
[0m[1m/home/caci114/Project_2023/SIM_submarine/S_source.hh:822:63: [0m[0;1;31merror: [0m[1mexpected ')'[0m
[1m/home/caci114/Project_2023/SIM_submarine/S_source.hh:822:32: [0m[0;1;30mnote: [0mto match this '('[0m
            job = this->add_job(0, 3, "integration, NULL, 1, "submarine_integ", "", 60000) ;
[0;1;32m                               ^
[0mIn file included from build/../S_source.hh:27:0,
                 from build/S_source.cpp:3:
models/submarine/include/Submarine.hh:6:0: error: unterminated #ifndef
 #ifndef SUBMARINE_HH
 ^
In file included from build/S_source.cpp:3:0:
build/../S_source.hh:822:82: warning: missing terminating " character [enabled by default]
             job = this->add_job(0, 3, "integration, NULL, 1, "submarine_integ", "", 60000) ;
                                                                                  ^
build/../S_source.hh:822:13: error: missing terminating " character
             job = this->add_job(0, 3, "integration, NULL, 1, "submarine_integ", "", 60000) ;
             ^
In file included from build/../S_source.hh:27:0,
                 from build/S_source.cpp:3:
models/submarine/include/Submarine.hh:67:1: error: expected â€˜;â€™ after class definition
 }
 ^
In file included from build/S_source.cpp:3:0:
build/../S_source.hh: In constructor â€˜SubmarineSimObject::SubmarineSimObject()â€™:
build/../S_source.hh:822:63: error: expected â€˜)â€™ before â€˜submarine_integâ€™
             job = this->add_job(0, 3, "integration, NULL, 1, "submarine_integ", "", 60000) ;
                                                               ^
build/S_source.cpp: In member function â€˜virtual int SubmarineSimObject::call_function(Trick::JobData*)â€™:
build/S_source.cpp:1007:28: error: â€˜submarine_initâ€™ was not declared in this scope
             submarine_init() ;
                            ^
build/S_source.cpp:1010:36: error: â€˜submarine_default_dataâ€™ was not declared in this scope
             submarine_default_data() ;
                                    ^
build/S_source.cpp:1013:29: error: â€˜submarine_derivâ€™ was not declared in this scope
             submarine_deriv() ;
                             ^
build/S_source.cpp:1016:40: error: â€˜submarine_integâ€™ was not declared in this scope
             trick_ret= submarine_integ() ;
                                        ^
build/S_source.cpp:1019:32: error: â€˜submarine_shutdownâ€™ was not declared in this scope
             submarine_shutdown() ;
                                ^
[1m/home/caci114/Project_2023/SIM_submarine/S_source.hh:822:63: [0m[0;1;31merror: [0m[1minvalid suffix on literal; C++11 requires a space between literal and identifier[0m
            job = this->add_job(0, 3, "integration, NULL, 1, "submarine_integ", "", 60000) ;
[0;1;32m                                                              ^
[0m[0;32m                                                               
[0m[1m/home/caci114/Project_2023/SIM_submarine/S_source.hh:822:63: [0m[0;1;31merror: [0m[1mexpected ')'[0m
[1m/home/caci114/Project_2023/SIM_submarine/S_source.hh:822:32: [0m[0;1;30mnote: [0mto match this '('[0m
            job = this->add_job(0, 3, "integration, NULL, 1, "submarine_integ", "", 60000) ;
[0;1;32m                               ^
[0mIn file included from build/S_source.cpp:3:0:
build/../S_source.hh:822:82: warning: missing terminating " character [enabled by default]
             job = this->add_job(0, 3, "integration, NULL, 1, "submarine_integ", "", 60000) ;
                                                                                  ^
build/../S_source.hh:822:13: error: missing terminating " character
             job = this->add_job(0, 3, "integration, NULL, 1, "submarine_integ", "", 60000) ;
             ^
build/../S_source.hh: In constructor â€˜SubmarineSimObject::SubmarineSimObject()â€™:
build/../S_source.hh:822:63: error: expected â€˜)â€™ before â€˜submarine_integâ€™
             job = this->add_job(0, 3, "integration, NULL, 1, "submarine_integ", "", 60000) ;
                                                               ^
build/S_source.cpp: In member function â€˜virtual int SubmarineSimObject::call_function(Trick::JobData*)â€™:
build/S_source.cpp:1007:28: error: â€˜submarine_initâ€™ was not declared in this scope
             submarine_init() ;
                            ^
build/S_source.cpp:1010:36: error: â€˜submarine_default_dataâ€™ was not declared in this scope
             submarine_default_data() ;
                                    ^
build/S_source.cpp:1013:29: error: â€˜submarine_derivâ€™ was not declared in this scope
             submarine_deriv() ;
                             ^
build/S_source.cpp:1016:40: error: â€˜submarine_integâ€™ was not declared in this scope
             trick_ret= submarine_integ() ;
                                        ^
build/S_source.cpp:1019:32: error: â€˜submarine_shutdownâ€™ was not declared in this scope
             submarine_shutdown() ;
                                ^
build/S_source.cpp: In member function â€˜virtual int SubmarineSimObject::call_function(Trick::JobData*)â€™:
build/S_source.cpp:1007:28: error: â€˜submarine_initâ€™ was not declared in this scope
             submarine_init() ;
                            ^
build/S_source.cpp:1010:36: error: â€˜submarine_default_dataâ€™ was not declared in this scope
             submarine_default_data() ;
                                    ^
build/S_source.cpp:1013:29: error: â€˜submarine_derivâ€™ was not declared in this scope
             submarine_deriv() ;
                             ^
build/S_source.cpp:1016:41: error: â€˜submarine_integâ€™ was not declared in this scope
             trick_ret = submarine_integ() ;
                                         ^
build/S_source.cpp:1019:32: error: â€˜submarine_shutdownâ€™ was not declared in this scope
             submarine_shutdown() ;
                                ^
build/S_source.cpp: In member function â€˜virtual int SubmarineSimObject::call_function(Trick::JobData*)â€™:
build/S_source.cpp:1007:28: error: â€˜submarine_initâ€™ was not declared in this scope
             submarine_init() ;
                            ^
build/S_source.cpp:1010:36: error: â€˜submarine_default_dataâ€™ was not declared in this scope
             submarine_default_data() ;
                                    ^
build/S_source.cpp:1013:29: error: â€˜submarine_derivâ€™ was not declared in this scope
             submarine_deriv() ;
                             ^
build/S_source.cpp:1016:41: error: â€˜submarine_integâ€™ was not declared in this scope
             trick_ret = submarine_integ() ;
                                         ^
build/S_source.cpp:1019:32: error: â€˜submarine_shutdownâ€™ was not declared in this scope
             submarine_shutdown() ;
                                ^
build/S_source.cpp: In member function â€˜virtual int SubmarineSimObject::call_function(Trick::JobData*)â€™:
build/S_source.cpp:1007:28: error: â€˜submarine_initâ€™ was not declared in this scope
             submarine_init() ;
                            ^
build/S_source.cpp:1010:36: error: â€˜submarine_default_dataâ€™ was not declared in this scope
             submarine_default_data() ;
                                    ^
build/S_source.cpp:1013:29: error: â€˜submarine_derivâ€™ was not declared in this scope
             submarine_deriv() ;
                             ^
build/S_source.cpp:1016:41: error: â€˜submarine_integâ€™ was not declared in this scope
             trick_ret = submarine_integ() ;
                                         ^
build/S_source.cpp:1019:32: error: â€˜submarine_shutdownâ€™ was not declared in this scope
             submarine_shutdown() ;
                                ^
/home/caci114/Project_2023/SIM_submarine/models/submarine/src/Submarine.cpp: In member function â€˜int Submarine::submarine_deriv()â€™:
/home/caci114/Project_2023/SIM_submarine/models/submarine/src/Submarine.cpp:12:27: error: â€˜DENISTY_SALT_WATERâ€™ was not declared in this scope
  water_pressure_pascals = DENISTY_SALT_WATER * GRAVITY * (-pos[1]) + ATMOS_PRESSURE;//Water Pressure Pascals
                           ^
/home/caci114/Project_2023/SIM_submarine/models/submarine/src/Submarine.cpp:27:58: error: â€˜expâ€™ was not declared in this scope
   hull_disp_volume = hull_volume / (1 + exp(-5.5 * pos[1]));
                                                          ^
/home/caci114/Project_2023/SIM_submarine/models/submarine/src/Submarine.cpp:29:14: error: expected primary-expression before â€˜<â€™ token
  if (pos[1] =< -1.3) {
              ^
/home/caci114/Project_2023/SIM_submarine/models/submarine/src/Submarine.cpp:36:10: error: â€˜outer_hull_radiusâ€™ was not declared in this scope
  A = 2 * outer_hull_radius * hull_length; //Cross Sectional Area
          ^
/home/caci114/Project_2023/SIM_submarine/models/submarine/src/Submarine.cpp:38:64: error: â€˜absâ€™ was not declared in this scope
  drag_force = (-0.5) * DENISTY_SALT_WATER * vel[1] * abs(vel[1]) * Cd * A; //Force of Drag
                                                                ^
/home/caci114/Project_2023/SIM_submarine/models/submarine/src/Submarine.cpp: In member function â€˜int Submarine::submarine_integ()â€™:
/home/caci114/Project_2023/SIM_submarine/models/submarine/src/Submarine.cpp:58:11: error: cannot convert â€˜doubleâ€™ to â€˜double*â€™ for argument â€˜1â€™ to â€˜void load_state(double*, ...)â€™
       NULL);
           ^
/home/caci114/Project_2023/SIM_submarine/models/submarine/src/Submarine.cpp:65:11: error: cannot convert â€˜doubleâ€™ to â€˜double*â€™ for argument â€˜1â€™ to â€˜void load_deriv(double*, ...)â€™
       NULL);
           ^
/home/caci114/Project_2023/SIM_submarine/models/submarine/src/Submarine.cpp:75:13: error: cannot convert â€˜doubleâ€™ to â€˜double*â€™ for argument â€˜1â€™ to â€˜void unload_state(double*, ...)â€™
         NULL);
             ^
/home/caci114/Project_2023/SIM_submarine/models/submarine/src/Submarine.cpp: In member function â€˜int Submarine::submarine_deriv()â€™:
/home/caci114/Project_2023/SIM_submarine/models/submarine/src/Submarine.cpp:12:27: error: â€˜DENISTY_SALT_WATERâ€™ was not declared in this scope
  water_pressure_pascals = DENISTY_SALT_WATER * GRAVITY * (-pos[1]) + ATMOS_PRESSURE;//Water Pressure Pascals
                           ^
/home/caci114/Project_2023/SIM_submarine/models/submarine/src/Submarine.cpp:27:58: error: â€˜expâ€™ was not declared in this scope
   hull_disp_volume = hull_volume / (1 + exp(-5.5 * pos[1]));
                                                          ^
/home/caci114/Project_2023/SIM_submarine/models/submarine/src/Submarine.cpp:36:10: error: â€˜outer_hull_radiusâ€™ was not declared in this scope
  A = 2 * outer_hull_radius * hull_length; //Cross Sectional Area
          ^
/home/caci114/Project_2023/SIM_submarine/models/submarine/src/Submarine.cpp:38:64: error: â€˜absâ€™ was not declared in this scope
  drag_force = (-0.5) * DENISTY_SALT_WATER * vel[1] * abs(vel[1]) * Cd * A; //Force of Drag
                                                                ^
/home/caci114/Project_2023/SIM_submarine/models/submarine/src/Submarine.cpp: In member function â€˜int Submarine::submarine_integ()â€™:
/home/caci114/Project_2023/SIM_submarine/models/submarine/src/Submarine.cpp:58:11: error: cannot convert â€˜doubleâ€™ to â€˜double*â€™ for argument â€˜1â€™ to â€˜void load_state(double*, ...)â€™
       NULL);
           ^
/home/caci114/Project_2023/SIM_submarine/models/submarine/src/Submarine.cpp:65:11: error: cannot convert â€˜doubleâ€™ to â€˜double*â€™ for argument â€˜1â€™ to â€˜void load_deriv(double*, ...)â€™
       NULL);
           ^
/home/caci114/Project_2023/SIM_submarine/models/submarine/src/Submarine.cpp:75:13: error: cannot convert â€˜doubleâ€™ to â€˜double*â€™ for argument â€˜1â€™ to â€˜void unload_state(double*, ...)â€™
         NULL);
             ^
/home/caci114/Project_2023/SIM_submarine/models/submarine/src/Submarine.cpp: In member function â€˜int Submarine::submarine_deriv()â€™:
/home/caci114/Project_2023/SIM_submarine/models/submarine/src/Submarine.cpp:13:27: error: â€˜DENISTY_SALT_WATERâ€™ was not declared in this scope
  water_pressure_pascals = DENISTY_SALT_WATER * GRAVITY * (-pos[1]) + ATMOS_PRESSURE;//Water Pressure Pascals
                           ^
/home/caci114/Project_2023/SIM_submarine/models/submarine/src/Submarine.cpp:37:10: error: â€˜outer_hull_radiusâ€™ was not declared in this scope
  A = 2 * outer_hull_radius * hull_length; //Cross Sectional Area
          ^
/home/caci114/Project_2023/SIM_submarine/models/submarine/src/Submarine.cpp:39:64: error: â€˜absâ€™ was not declared in this scope
  drag_force = (-0.5) * DENISTY_SALT_WATER * vel[1] * abs(vel[1]) * Cd * A; //Force of Drag
                                                                ^
/home/caci114/Project_2023/SIM_submarine/models/submarine/src/Submarine.cpp: In member function â€˜int Submarine::submarine_integ()â€™:
/home/caci114/Project_2023/SIM_submarine/models/submarine/src/Submarine.cpp:59:11: error: cannot convert â€˜doubleâ€™ to â€˜double*â€™ for argument â€˜1â€™ to â€˜void load_state(double*, ...)â€™
       NULL);
           ^
/home/caci114/Project_2023/SIM_submarine/models/submarine/src/Submarine.cpp:66:11: error: cannot convert â€˜doubleâ€™ to â€˜double*â€™ for argument â€˜1â€™ to â€˜void load_deriv(double*, ...)â€™
       NULL);
           ^
/home/caci114/Project_2023/SIM_submarine/models/submarine/src/Submarine.cpp:76:13: error: cannot convert â€˜doubleâ€™ to â€˜double*â€™ for argument â€˜1â€™ to â€˜void unload_state(double*, ...)â€™
         NULL);
             ^
/home/caci114/Project_2023/SIM_submarine/models/submarine/src/Submarine.cpp: In member function â€˜int Submarine::submarine_deriv()â€™:
/home/caci114/Project_2023/SIM_submarine/models/submarine/src/Submarine.cpp:13:27: error: â€˜DENISTY_SALT_WATERâ€™ was not declared in this scope
  water_pressure_pascals = DENISTY_SALT_WATER * GRAVITY * (-pos[1]) + ATMOS_PRESSURE;//Water Pressure Pascals
                           ^
/home/caci114/Project_2023/SIM_submarine/models/submarine/src/Submarine.cpp:37:10: error: â€˜outer_hull_radiusâ€™ was not declared in this scope
  A = 2 * outer_hull_radius * hull_length; //Cross Sectional Area
          ^
/home/caci114/Project_2023/SIM_submarine/models/submarine/src/Submarine.cpp:39:64: error: â€˜absâ€™ was not declared in this scope
  drag_force = (-0.5) * DENISTY_SALT_WATER * vel[1] * abs(vel[1]) * Cd * A; //Force of Drag
                                                                ^
/home/caci114/Project_2023/SIM_submarine/models/submarine/src/Submarine.cpp: In member function â€˜int Submarine::submarine_integ()â€™:
/home/caci114/Project_2023/SIM_submarine/models/submarine/src/Submarine.cpp:59:11: error: cannot convert â€˜doubleâ€™ to â€˜double*â€™ for argument â€˜1â€™ to â€˜void load_state(double*, ...)â€™
       NULL);
           ^
/home/caci114/Project_2023/SIM_submarine/models/submarine/src/Submarine.cpp:66:11: error: cannot convert â€˜doubleâ€™ to â€˜double*â€™ for argument â€˜1â€™ to â€˜void load_deriv(double*, ...)â€™
       NULL);
           ^
/home/caci114/Project_2023/SIM_submarine/models/submarine/src/Submarine.cpp:76:13: error: cannot convert â€˜doubleâ€™ to â€˜double*â€™ for argument â€˜1â€™ to â€˜void unload_state(double*, ...)â€™
         NULL);
             ^
/home/caci114/Project_2023/SIM_submarine/models/submarine/src/Submarine.cpp: In member function â€˜int Submarine::submarine_deriv()â€™:
/home/caci114/Project_2023/SIM_submarine/models/submarine/src/Submarine.cpp:13:27: error: â€˜DENISTY_SALT_WATERâ€™ was not declared in this scope
  water_pressure_pascals = DENISTY_SALT_WATER * GRAVITY * (-pos[1]) + ATMOS_PRESSURE;//Water Pressure Pascals
                           ^
/home/caci114/Project_2023/SIM_submarine/models/submarine/src/Submarine.cpp:39:64: error: â€˜absâ€™ was not declared in this scope
  drag_force = (-0.5) * DENISTY_SALT_WATER * vel[1] * abs(vel[1]) * Cd * A; //Force of Drag
                                                                ^
/home/caci114/Project_2023/SIM_submarine/models/submarine/src/Submarine.cpp: In member function â€˜int Submarine::submarine_integ()â€™:
/home/caci114/Project_2023/SIM_submarine/models/submarine/src/Submarine.cpp:59:11: error: cannot convert â€˜doubleâ€™ to â€˜double*â€™ for argument â€˜1â€™ to â€˜void load_state(double*, ...)â€™
       NULL);
           ^
/home/caci114/Project_2023/SIM_submarine/models/submarine/src/Submarine.cpp:66:11: error: cannot convert â€˜doubleâ€™ to â€˜double*â€™ for argument â€˜1â€™ to â€˜void load_deriv(double*, ...)â€™
       NULL);
           ^
/home/caci114/Project_2023/SIM_submarine/models/submarine/src/Submarine.cpp:76:13: error: cannot convert â€˜doubleâ€™ to â€˜double*â€™ for argument â€˜1â€™ to â€˜void unload_state(double*, ...)â€™
         NULL);
             ^
/home/caci114/Project_2023/SIM_submarine/models/submarine/src/Submarine.cpp: In member function â€˜int Submarine::submarine_deriv()â€™:
/home/caci114/Project_2023/SIM_submarine/models/submarine/src/Submarine.cpp:13:27: error: â€˜DENISTY_SALT_WATERâ€™ was not declared in this scope
  water_pressure_pascals = DENISTY_SALT_WATER * GRAVITY * (-pos[1]) + ATMOS_PRESSURE;//Water Pressure Pascals
                           ^
/home/caci114/Project_2023/SIM_submarine/models/submarine/src/Submarine.cpp:39:64: error: â€˜absâ€™ was not declared in this scope
  drag_force = (-0.5) * DENISTY_SALT_WATER * vel[1] * abs(vel[1]) * Cd * A; //Force of Drag
                                                                ^
/home/caci114/Project_2023/SIM_submarine/models/submarine/src/Submarine.cpp: In member function â€˜int Submarine::submarine_integ()â€™:
/home/caci114/Project_2023/SIM_submarine/models/submarine/src/Submarine.cpp:59:11: error: cannot convert â€˜doubleâ€™ to â€˜double*â€™ for argument â€˜1â€™ to â€˜void load_state(double*, ...)â€™
       NULL);
           ^
/home/caci114/Project_2023/SIM_submarine/models/submarine/src/Submarine.cpp:66:11: error: cannot convert â€˜doubleâ€™ to â€˜double*â€™ for argument â€˜1â€™ to â€˜void load_deriv(double*, ...)â€™
       NULL);
           ^
/home/caci114/Project_2023/SIM_submarine/models/submarine/src/Submarine.cpp:76:13: error: cannot convert â€˜doubleâ€™ to â€˜double*â€™ for argument â€˜1â€™ to â€˜void unload_state(double*, ...)â€™
         NULL);
             ^
/home/caci114/Project_2023/SIM_submarine/models/submarine/src/Submarine.cpp: In member function â€˜int Submarine::submarine_deriv()â€™:
/home/caci114/Project_2023/SIM_submarine/models/submarine/src/Submarine.cpp:13:27: error: â€˜DENISTY_SALT_WATERâ€™ was not declared in this scope
  water_pressure_pascals = DENISTY_SALT_WATER * GRAVITY * (-pos[1]) + ATMOS_PRESSURE;//Water Pressure Pascals
                           ^
/home/caci114/Project_2023/SIM_submarine/models/submarine/src/Submarine.cpp:39:64: error: â€˜absâ€™ was not declared in this scope
  drag_force = (-0.5) * DENISTY_SALT_WATER * vel[1] * abs(vel[1]) * Cd * A; //Force of Drag
                                                                ^
/home/caci114/Project_2023/SIM_submarine/models/submarine/src/Submarine.cpp: In member function â€˜int Submarine::submarine_integ()â€™:
/home/caci114/Project_2023/SIM_submarine/models/submarine/src/Submarine.cpp:59:11: error: cannot convert â€˜doubleâ€™ to â€˜double*â€™ for argument â€˜1â€™ to â€˜void load_state(double*, ...)â€™
       NULL);
           ^
/home/caci114/Project_2023/SIM_submarine/models/submarine/src/Submarine.cpp:66:11: error: cannot convert â€˜doubleâ€™ to â€˜double*â€™ for argument â€˜1â€™ to â€˜void load_deriv(double*, ...)â€™
       NULL);
           ^
/home/caci114/Project_2023/SIM_submarine/models/submarine/src/Submarine.cpp:76:13: error: cannot convert â€˜doubleâ€™ to â€˜double*â€™ for argument â€˜1â€™ to â€˜void unload_state(double*, ...)â€™
         NULL);
             ^
/home/caci114/Project_2023/SIM_submarine/models/submarine/src/Submarine.cpp: In member function â€˜int Submarine::submarine_deriv()â€™:
/home/caci114/Project_2023/SIM_submarine/models/submarine/src/Submarine.cpp:13:27: error: â€˜DENISTY_SALT_WATERâ€™ was not declared in this scope
  water_pressure_pascals = DENISTY_SALT_WATER * GRAVITY * (-pos[1]) + ATMOS_PRESSURE;//Water Pressure Pascals
                           ^
/home/caci114/Project_2023/SIM_submarine/models/submarine/src/Submarine.cpp:39:83: error: expected â€˜)â€™ before â€˜;â€™ token
  drag_force = (-0.5) * DENISTY_SALT_WATER * vel[1] * (sqrt(vel[1]*vel[1]) * Cd * A; //Force of Drag
                                                                                   ^
/home/caci114/Project_2023/SIM_submarine/models/submarine/src/Submarine.cpp: In member function â€˜int Submarine::submarine_integ()â€™:
/home/caci114/Project_2023/SIM_submarine/models/submarine/src/Submarine.cpp:59:11: error: cannot convert â€˜doubleâ€™ to â€˜double*â€™ for argument â€˜1â€™ to â€˜void load_state(double*, ...)â€™
       NULL);
           ^
/home/caci114/Project_2023/SIM_submarine/models/submarine/src/Submarine.cpp:66:11: error: cannot convert â€˜doubleâ€™ to â€˜double*â€™ for argument â€˜1â€™ to â€˜void load_deriv(double*, ...)â€™
       NULL);
           ^
/home/caci114/Project_2023/SIM_submarine/models/submarine/src/Submarine.cpp:76:13: error: cannot convert â€˜doubleâ€™ to â€˜double*â€™ for argument â€˜1â€™ to â€˜void unload_state(double*, ...)â€™
         NULL);
             ^
/home/caci114/Project_2023/SIM_submarine/models/submarine/src/Submarine.cpp: In member function â€˜int Submarine::submarine_deriv()â€™:
/home/caci114/Project_2023/SIM_submarine/models/submarine/src/Submarine.cpp:13:27: error: â€˜DENISTY_SALT_WATERâ€™ was not declared in this scope
  water_pressure_pascals = DENISTY_SALT_WATER * GRAVITY * (-pos[1]) + ATMOS_PRESSURE;//Water Pressure Pascals
                           ^
/home/caci114/Project_2023/SIM_submarine/models/submarine/src/Submarine.cpp: In member function â€˜int Submarine::submarine_integ()â€™:
/home/caci114/Project_2023/SIM_submarine/models/submarine/src/Submarine.cpp:59:11: error: cannot convert â€˜doubleâ€™ to â€˜double*â€™ for argument â€˜1â€™ to â€˜void load_state(double*, ...)â€™
       NULL);
           ^
/home/caci114/Project_2023/SIM_submarine/models/submarine/src/Submarine.cpp:66:11: error: cannot convert â€˜doubleâ€™ to â€˜double*â€™ for argument â€˜1â€™ to â€˜void load_deriv(double*, ...)â€™
       NULL);
           ^
/home/caci114/Project_2023/SIM_submarine/models/submarine/src/Submarine.cpp:76:13: error: cannot convert â€˜doubleâ€™ to â€˜double*â€™ for argument â€˜1â€™ to â€˜void unload_state(double*, ...)â€™
         NULL);
             ^
/home/caci114/Project_2023/SIM_submarine/models/submarine/src/Submarine.cpp: In member function â€˜int Submarine::submarine_integ()â€™:
/home/caci114/Project_2023/SIM_submarine/models/submarine/src/Submarine.cpp:59:11: error: cannot convert â€˜doubleâ€™ to â€˜double*â€™ for argument â€˜1â€™ to â€˜void load_state(double*, ...)â€™
       NULL);
           ^
/home/caci114/Project_2023/SIM_submarine/models/submarine/src/Submarine.cpp:66:11: error: cannot convert â€˜doubleâ€™ to â€˜double*â€™ for argument â€˜1â€™ to â€˜void load_deriv(double*, ...)â€™
       NULL);
           ^
/home/caci114/Project_2023/SIM_submarine/models/submarine/src/Submarine.cpp:76:13: error: cannot convert â€˜doubleâ€™ to â€˜double*â€™ for argument â€˜1â€™ to â€˜void unload_state(double*, ...)â€™
         NULL);
             ^
/home/caci114/Project_2023/SIM_submarine/models/submarine/src/submarine_init.cpp: In member function â€˜int Submarine::submarine_default_data()â€™:
/home/caci114/Project_2023/SIM_submarine/models/submarine/src/submarine_init.cpp:12:9: warning: declaration of â€˜outer_hull_outer_radiusâ€™ shadows a member of 'this' [-Wshadow]
  double outer_hull_outer_radius = 1.3; //meters
         ^
/home/caci114/Project_2023/SIM_submarine/models/submarine/src/submarine_init.cpp:13:9: warning: declaration of â€˜outer_hull_inner_radiusâ€™ shadows a member of 'this' [-Wshadow]
  double outer_hull_inner_radius = 1.25; //meters
         ^
/home/caci114/Project_2023/SIM_submarine/models/submarine/src/submarine_init.cpp:14:9: warning: declaration of â€˜inner_hull_outer_radiusâ€™ shadows a member of 'this' [-Wshadow]
  double inner_hull_outer_radius = 1.10; //meters
         ^
/home/caci114/Project_2023/SIM_submarine/models/submarine/src/submarine_init.cpp:15:9: warning: declaration of â€˜inner_hull_inner_radiusâ€™ shadows a member of 'this' [-Wshadow]
  double inner_hull_inner_radius = 1.00; //meters
         ^
/home/caci114/Project_2023/SIM_submarine/models/submarine/src/submarine_init.cpp:16:9: warning: declaration of â€˜hull_lengthâ€™ shadows a member of 'this' [-Wshadow]
  double hull_length = 3.0; //meters
         ^
/home/caci114/Project_2023/SIM_submarine/models/submarine/src/submarine_init.cpp:17:9: warning: declaration of â€˜ballast_tank_volumeâ€™ shadows a member of 'this' [-Wshadow]
  double ballast_tank_volume = 1.0; //cubic meters
         ^
/home/caci114/Project_2023/SIM_submarine/models/submarine/src/submarine_init.cpp:18:9: warning: declaration of â€˜hard_ballast_massâ€™ shadows a member of 'this' [-Wshadow]
  double hard_ballast_mass = 0.0; //kg
         ^
/home/caci114/Project_2023/SIM_submarine/models/submarine/src/submarine_init.cpp:19:9: warning: declaration of â€˜hull_massâ€™ shadows a member of 'this' [-Wshadow]
  double hull_mass = 10000.0; //kg
         ^
/home/caci114/Project_2023/SIM_submarine/models/submarine/src/submarine_init.cpp:20:9: warning: declaration of â€˜payload_massâ€™ shadows a member of 'this' [-Wshadow]
  double payload_mass = 1500.0; //kg
         ^
/home/caci114/Project_2023/SIM_submarine/models/submarine/src/submarine_init.cpp:21:9: warning: declaration of â€˜Cdâ€™ shadows a member of 'this' [-Wshadow]
  double Cd = 0.5; //kg
         ^
/home/caci114/Project_2023/SIM_submarine/models/submarine/src/submarine_init.cpp:22:14: warning: declaration of â€˜posâ€™ shadows a member of 'this' [-Wshadow]
  double pos[0] = 0.0; //meters x-direction
              ^
/home/caci114/Project_2023/SIM_submarine/models/submarine/src/submarine_init.cpp:22:18: error: array must be initialized with a brace-enclosed initializer
  double pos[0] = 0.0; //meters x-direction
                  ^
/home/caci114/Project_2023/SIM_submarine/models/submarine/src/submarine_init.cpp:23:14: error: conflicting declaration â€˜double pos [1]â€™
  double pos[1] = 0.0; //meters y-direction
              ^
/home/caci114/Project_2023/SIM_submarine/models/submarine/src/submarine_init.cpp:22:9: error: â€˜posâ€™ has a previous declaration as â€˜double pos [0]â€™
  double pos[0] = 0.0; //meters x-direction
         ^
/home/caci114/Project_2023/SIM_submarine/models/submarine/src/submarine_init.cpp:24:14: warning: declaration of â€˜velâ€™ shadows a member of 'this' [-Wshadow]
  double vel[0] = 0.0; //mps x-direction
              ^
/home/caci114/Project_2023/SIM_submarine/models/submarine/src/submarine_init.cpp:24:18: error: array must be initialized with a brace-enclosed initializer
  double vel[0] = 0.0; //mps x-direction
                  ^
/home/caci114/Project_2023/SIM_submarine/models/submarine/src/submarine_init.cpp:25:14: error: conflicting declaration â€˜double vel [1]â€™
  double vel[1] = 0.0; //mps y-direction
              ^
/home/caci114/Project_2023/SIM_submarine/models/submarine/src/submarine_init.cpp:24:9: error: â€˜velâ€™ has a previous declaration as â€˜double vel [0]â€™
  double vel[0] = 0.0; //mps x-direction
         ^
/home/caci114/Project_2023/SIM_submarine/models/submarine/src/submarine_init.cpp:12:9: warning: unused variable â€˜outer_hull_outer_radiusâ€™ [-Wunused-variable]
  double outer_hull_outer_radius = 1.3; //meters
         ^
/home/caci114/Project_2023/SIM_submarine/models/submarine/src/submarine_init.cpp:13:9: warning: unused variable â€˜outer_hull_inner_radiusâ€™ [-Wunused-variable]
  double outer_hull_inner_radius = 1.25; //meters
         ^
/home/caci114/Project_2023/SIM_submarine/models/submarine/src/submarine_init.cpp:14:9: warning: unused variable â€˜inner_hull_outer_radiusâ€™ [-Wunused-variable]
  double inner_hull_outer_radius = 1.10; //meters
         ^
/home/caci114/Project_2023/SIM_submarine/models/submarine/src/submarine_init.cpp:15:9: warning: unused variable â€˜inner_hull_inner_radiusâ€™ [-Wunused-variable]
  double inner_hull_inner_radius = 1.00; //meters
         ^
/home/caci114/Project_2023/SIM_submarine/models/submarine/src/submarine_init.cpp:16:9: warning: unused variable â€˜hull_lengthâ€™ [-Wunused-variable]
  double hull_length = 3.0; //meters
         ^
/home/caci114/Project_2023/SIM_submarine/models/submarine/src/submarine_init.cpp:17:9: warning: unused variable â€˜ballast_tank_volumeâ€™ [-Wunused-variable]
  double ballast_tank_volume = 1.0; //cubic meters
         ^
/home/caci114/Project_2023/SIM_submarine/models/submarine/src/submarine_init.cpp:18:9: warning: unused variable â€˜hard_ballast_massâ€™ [-Wunused-variable]
  double hard_ballast_mass = 0.0; //kg
         ^
/home/caci114/Project_2023/SIM_submarine/models/submarine/src/submarine_init.cpp:19:9: warning: unused variable â€˜hull_massâ€™ [-Wunused-variable]
  double hull_mass = 10000.0; //kg
         ^
/home/caci114/Project_2023/SIM_submarine/models/submarine/src/submarine_init.cpp:20:9: warning: unused variable â€˜payload_massâ€™ [-Wunused-variable]
  double payload_mass = 1500.0; //kg
         ^
/home/caci114/Project_2023/SIM_submarine/models/submarine/src/submarine_init.cpp:21:9: warning: unused variable â€˜Cdâ€™ [-Wunused-variable]
  double Cd = 0.5; //kg
         ^
/home/caci114/Project_2023/SIM_submarine/models/submarine/src/submarine_init.cpp:22:9: warning: unused variable â€˜posâ€™ [-Wunused-variable]
  double pos[0] = 0.0; //meters x-direction
         ^
/home/caci114/Project_2023/SIM_submarine/models/submarine/src/submarine_init.cpp:24:9: warning: unused variable â€˜velâ€™ [-Wunused-variable]
  double vel[0] = 0.0; //mps x-direction
         ^
In file included from /home/caci114/Project_2023/SIM_submarine/models/submarine/src/../src/submarine_init.cpp:8:0,
                 from /home/caci114/Project_2023/SIM_submarine/models/submarine/src/Submarine.cpp:9:
/home/caci114/Project_2023/SIM_submarine/models/submarine/src/../src/../include/Submarine.hh:19:7: error: redefinition of â€˜class Submarineâ€™
 class Submarine {
       ^
In file included from /home/caci114/Project_2023/SIM_submarine/models/submarine/src/Submarine.cpp:8:0:
/home/caci114/Project_2023/SIM_submarine/models/submarine/src/../include/Submarine.hh:19:7: error: previous definition of â€˜class Submarineâ€™
 class Submarine {
       ^
In file included from /home/caci114/Project_2023/SIM_submarine/models/submarine/src/Submarine.cpp:9:0:
/home/caci114/Project_2023/SIM_submarine/models/submarine/src/../src/submarine_init.cpp: In member function â€˜int Submarine::submarine_default_data()â€™:
/home/caci114/Project_2023/SIM_submarine/models/submarine/src/../src/submarine_init.cpp:12:9: warning: declaration of â€˜outer_hull_outer_radiusâ€™ shadows a member of 'this' [-Wshadow]
  double outer_hull_outer_radius = 1.3; //meters
         ^
/home/caci114/Project_2023/SIM_submarine/models/submarine/src/../src/submarine_init.cpp:13:9: warning: declaration of â€˜outer_hull_inner_radiusâ€™ shadows a member of 'this' [-Wshadow]
  double outer_hull_inner_radius = 1.25; //meters
         ^
/home/caci114/Project_2023/SIM_submarine/models/submarine/src/../src/submarine_init.cpp:14:9: warning: declaration of â€˜inner_hull_outer_radiusâ€™ shadows a member of 'this' [-Wshadow]
  double inner_hull_outer_radius = 1.10; //meters
         ^
/home/caci114/Project_2023/SIM_submarine/models/submarine/src/../src/submarine_init.cpp:15:9: warning: declaration of â€˜inner_hull_inner_radiusâ€™ shadows a member of 'this' [-Wshadow]
  double inner_hull_inner_radius = 1.00; //meters
         ^
/home/caci114/Project_2023/SIM_submarine/models/submarine/src/../src/submarine_init.cpp:16:9: warning: declaration of â€˜hull_lengthâ€™ shadows a member of 'this' [-Wshadow]
  double hull_length = 3.0; //meters
         ^
/home/caci114/Project_2023/SIM_submarine/models/submarine/src/../src/submarine_init.cpp:17:9: warning: declaration of â€˜ballast_tank_volumeâ€™ shadows a member of 'this' [-Wshadow]
  double ballast_tank_volume = 1.0; //cubic meters
         ^
/home/caci114/Project_2023/SIM_submarine/models/submarine/src/../src/submarine_init.cpp:18:9: warning: declaration of â€˜hard_ballast_massâ€™ shadows a member of 'this' [-Wshadow]
  double hard_ballast_mass = 0.0; //kg
         ^
/home/caci114/Project_2023/SIM_submarine/models/submarine/src/../src/submarine_init.cpp:19:9: warning: declaration of â€˜hull_massâ€™ shadows a member of 'this' [-Wshadow]
  double hull_mass = 10000.0; //kg
         ^
/home/caci114/Project_2023/SIM_submarine/models/submarine/src/../src/submarine_init.cpp:20:9: warning: declaration of â€˜payload_massâ€™ shadows a member of 'this' [-Wshadow]
  double payload_mass = 1500.0; //kg
         ^
/home/caci114/Project_2023/SIM_submarine/models/submarine/src/../src/submarine_init.cpp:21:9: warning: declaration of â€˜Cdâ€™ shadows a member of 'this' [-Wshadow]
  double Cd = 0.5; //kg
         ^
/home/caci114/Project_2023/SIM_submarine/models/submarine/src/../src/submarine_init.cpp:22:14: warning: declaration of â€˜posâ€™ shadows a member of 'this' [-Wshadow]
  double pos[0] = 0.0; //meters x-direction
              ^
/home/caci114/Project_2023/SIM_submarine/models/submarine/src/../src/submarine_init.cpp:22:18: error: array must be initialized with a brace-enclosed initializer
  double pos[0] = 0.0; //meters x-direction
                  ^
/home/caci114/Project_2023/SIM_submarine/models/submarine/src/../src/submarine_init.cpp:23:14: error: conflicting declaration â€˜double pos [1]â€™
  double pos[1] = 0.0; //meters y-direction
              ^
/home/caci114/Project_2023/SIM_submarine/models/submarine/src/../src/submarine_init.cpp:22:9: error: â€˜posâ€™ has a previous declaration as â€˜double pos [0]â€™
  double pos[0] = 0.0; //meters x-direction
         ^
/home/caci114/Project_2023/SIM_submarine/models/submarine/src/../src/submarine_init.cpp:24:14: warning: declaration of â€˜velâ€™ shadows a member of 'this' [-Wshadow]
  double vel[0] = 0.0; //mps x-direction
              ^
/home/caci114/Project_2023/SIM_submarine/models/submarine/src/../src/submarine_init.cpp:24:18: error: array must be initialized with a brace-enclosed initializer
  double vel[0] = 0.0; //mps x-direction
                  ^
/home/caci114/Project_2023/SIM_submarine/models/submarine/src/../src/submarine_init.cpp:25:14: error: conflicting declaration â€˜double vel [1]â€™
  double vel[1] = 0.0; //mps y-direction
              ^
/home/caci114/Project_2023/SIM_submarine/models/submarine/src/../src/submarine_init.cpp:24:9: error: â€˜velâ€™ has a previous declaration as â€˜double vel [0]â€™
  double vel[0] = 0.0; //mps x-direction
         ^
/home/caci114/Project_2023/SIM_submarine/models/submarine/src/../src/submarine_init.cpp:12:9: warning: unused variable â€˜outer_hull_outer_radiusâ€™ [-Wunused-variable]
  double outer_hull_outer_radius = 1.3; //meters
         ^
/home/caci114/Project_2023/SIM_submarine/models/submarine/src/../src/submarine_init.cpp:13:9: warning: unused variable â€˜outer_hull_inner_radiusâ€™ [-Wunused-variable]
  double outer_hull_inner_radius = 1.25; //meters
         ^
/home/caci114/Project_2023/SIM_submarine/models/submarine/src/../src/submarine_init.cpp:14:9: warning: unused variable â€˜inner_hull_outer_radiusâ€™ [-Wunused-variable]
  double inner_hull_outer_radius = 1.10; //meters
         ^
/home/caci114/Project_2023/SIM_submarine/models/submarine/src/../src/submarine_init.cpp:15:9: warning: unused variable â€˜inner_hull_inner_radiusâ€™ [-Wunused-variable]
  double inner_hull_inner_radius = 1.00; //meters
         ^
/home/caci114/Project_2023/SIM_submarine/models/submarine/src/../src/submarine_init.cpp:16:9: warning: unused variable â€˜hull_lengthâ€™ [-Wunused-variable]
  double hull_length = 3.0; //meters
         ^
/home/caci114/Project_2023/SIM_submarine/models/submarine/src/../src/submarine_init.cpp:17:9: warning: unused variable â€˜ballast_tank_volumeâ€™ [-Wunused-variable]
  double ballast_tank_volume = 1.0; //cubic meters
         ^
/home/caci114/Project_2023/SIM_submarine/models/submarine/src/../src/submarine_init.cpp:18:9: warning: unused variable â€˜hard_ballast_massâ€™ [-Wunused-variable]
  double hard_ballast_mass = 0.0; //kg
         ^
/home/caci114/Project_2023/SIM_submarine/models/submarine/src/../src/submarine_init.cpp:19:9: warning: unused variable â€˜hull_massâ€™ [-Wunused-variable]
  double hull_mass = 10000.0; //kg
         ^
/home/caci114/Project_2023/SIM_submarine/models/submarine/src/../src/submarine_init.cpp:20:9: warning: unused variable â€˜payload_massâ€™ [-Wunused-variable]
  double payload_mass = 1500.0; //kg
         ^
/home/caci114/Project_2023/SIM_submarine/models/submarine/src/../src/submarine_init.cpp:21:9: warning: unused variable â€˜Cdâ€™ [-Wunused-variable]
  double Cd = 0.5; //kg
         ^
/home/caci114/Project_2023/SIM_submarine/models/submarine/src/../src/submarine_init.cpp:22:9: warning: unused variable â€˜posâ€™ [-Wunused-variable]
  double pos[0] = 0.0; //meters x-direction
         ^
/home/caci114/Project_2023/SIM_submarine/models/submarine/src/../src/submarine_init.cpp:24:9: warning: unused variable â€˜velâ€™ [-Wunused-variable]
  double vel[0] = 0.0; //mps x-direction
         ^
In file included from /home/caci114/Project_2023/SIM_submarine/models/submarine/src/../src/submarine_init.cpp:8:0,
                 from /home/caci114/Project_2023/SIM_submarine/models/submarine/src/Submarine.cpp:9:
/home/caci114/Project_2023/SIM_submarine/models/submarine/src/../src/../include/Submarine.hh:19:7: error: redefinition of â€˜class Submarineâ€™
 class Submarine {
       ^
In file included from /home/caci114/Project_2023/SIM_submarine/models/submarine/src/Submarine.cpp:8:0:
/home/caci114/Project_2023/SIM_submarine/models/submarine/src/../include/Submarine.hh:19:7: error: previous definition of â€˜class Submarineâ€™
 class Submarine {
       ^
In file included from /home/caci114/Project_2023/SIM_submarine/models/submarine/src/Submarine.cpp:9:0:
/home/caci114/Project_2023/SIM_submarine/models/submarine/src/../src/submarine_init.cpp: In member function â€˜int Submarine::submarine_default_data()â€™:
/home/caci114/Project_2023/SIM_submarine/models/submarine/src/../src/submarine_init.cpp:12:9: warning: declaration of â€˜outer_hull_outer_radiusâ€™ shadows a member of 'this' [-Wshadow]
  double outer_hull_outer_radius = 1.3; //meters
         ^
/home/caci114/Project_2023/SIM_submarine/models/submarine/src/../src/submarine_init.cpp:13:9: warning: declaration of â€˜outer_hull_inner_radiusâ€™ shadows a member of 'this' [-Wshadow]
  double outer_hull_inner_radius = 1.25; //meters
         ^
/home/caci114/Project_2023/SIM_submarine/models/submarine/src/../src/submarine_init.cpp:14:9: warning: declaration of â€˜inner_hull_outer_radiusâ€™ shadows a member of 'this' [-Wshadow]
  double inner_hull_outer_radius = 1.10; //meters
         ^
/home/caci114/Project_2023/SIM_submarine/models/submarine/src/../src/submarine_init.cpp:15:9: warning: declaration of â€˜inner_hull_inner_radiusâ€™ shadows a member of 'this' [-Wshadow]
  double inner_hull_inner_radius = 1.00; //meters
         ^
/home/caci114/Project_2023/SIM_submarine/models/submarine/src/../src/submarine_init.cpp:16:9: warning: declaration of â€˜hull_lengthâ€™ shadows a member of 'this' [-Wshadow]
  double hull_length = 3.0; //meters
         ^
/home/caci114/Project_2023/SIM_submarine/models/submarine/src/../src/submarine_init.cpp:17:9: warning: declaration of â€˜ballast_tank_volumeâ€™ shadows a member of 'this' [-Wshadow]
  double ballast_tank_volume = 1.0; //cubic meters
         ^
/home/caci114/Project_2023/SIM_submarine/models/submarine/src/../src/submarine_init.cpp:18:9: warning: declaration of â€˜hard_ballast_massâ€™ shadows a member of 'this' [-Wshadow]
  double hard_ballast_mass = 0.0; //kg
         ^
/home/caci114/Project_2023/SIM_submarine/models/submarine/src/../src/submarine_init.cpp:19:9: warning: declaration of â€˜hull_massâ€™ shadows a member of 'this' [-Wshadow]
  double hull_mass = 10000.0; //kg
         ^
/home/caci114/Project_2023/SIM_submarine/models/submarine/src/../src/submarine_init.cpp:20:9: warning: declaration of â€˜payload_massâ€™ shadows a member of 'this' [-Wshadow]
  double payload_mass = 1500.0; //kg
         ^
/home/caci114/Project_2023/SIM_submarine/models/submarine/src/../src/submarine_init.cpp:21:9: warning: declaration of â€˜Cdâ€™ shadows a member of 'this' [-Wshadow]
  double Cd = 0.5; //kg
         ^
/home/caci114/Project_2023/SIM_submarine/models/submarine/src/../src/submarine_init.cpp:22:14: warning: declaration of â€˜posâ€™ shadows a member of 'this' [-Wshadow]
  double pos[0] = 0.0; //meters x-direction
              ^
/home/caci114/Project_2023/SIM_submarine/models/submarine/src/../src/submarine_init.cpp:22:18: error: array must be initialized with a brace-enclosed initializer
  double pos[0] = 0.0; //meters x-direction
                  ^
/home/caci114/Project_2023/SIM_submarine/models/submarine/src/../src/submarine_init.cpp:23:14: error: conflicting declaration â€˜double pos [1]â€™
  double pos[1] = 0.0; //meters y-direction
              ^
/home/caci114/Project_2023/SIM_submarine/models/submarine/src/../src/submarine_init.cpp:22:9: error: â€˜posâ€™ has a previous declaration as â€˜double pos [0]â€™
  double pos[0] = 0.0; //meters x-direction
         ^
/home/caci114/Project_2023/SIM_submarine/models/submarine/src/../src/submarine_init.cpp:24:14: warning: declaration of â€˜velâ€™ shadows a member of 'this' [-Wshadow]
  double vel[0] = 0.0; //mps x-direction
              ^
/home/caci114/Project_2023/SIM_submarine/models/submarine/src/../src/submarine_init.cpp:24:18: error: array must be initialized with a brace-enclosed initializer
  double vel[0] = 0.0; //mps x-direction
                  ^
/home/caci114/Project_2023/SIM_submarine/models/submarine/src/../src/submarine_init.cpp:25:14: error: conflicting declaration â€˜double vel [1]â€™
  double vel[1] = 0.0; //mps y-direction
              ^
/home/caci114/Project_2023/SIM_submarine/models/submarine/src/../src/submarine_init.cpp:24:9: error: â€˜velâ€™ has a previous declaration as â€˜double vel [0]â€™
  double vel[0] = 0.0; //mps x-direction
         ^
/home/caci114/Project_2023/SIM_submarine/models/submarine/src/../src/submarine_init.cpp:12:9: warning: unused variable â€˜outer_hull_outer_radiusâ€™ [-Wunused-variable]
  double outer_hull_outer_radius = 1.3; //meters
         ^
/home/caci114/Project_2023/SIM_submarine/models/submarine/src/../src/submarine_init.cpp:13:9: warning: unused variable â€˜outer_hull_inner_radiusâ€™ [-Wunused-variable]
  double outer_hull_inner_radius = 1.25; //meters
         ^
/home/caci114/Project_2023/SIM_submarine/models/submarine/src/../src/submarine_init.cpp:14:9: warning: unused variable â€˜inner_hull_outer_radiusâ€™ [-Wunused-variable]
  double inner_hull_outer_radius = 1.10; //meters
         ^
/home/caci114/Project_2023/SIM_submarine/models/submarine/src/../src/submarine_init.cpp:15:9: warning: unused variable â€˜inner_hull_inner_radiusâ€™ [-Wunused-variable]
  double inner_hull_inner_radius = 1.00; //meters
         ^
/home/caci114/Project_2023/SIM_submarine/models/submarine/src/../src/submarine_init.cpp:16:9: warning: unused variable â€˜hull_lengthâ€™ [-Wunused-variable]
  double hull_length = 3.0; //meters
         ^
/home/caci114/Project_2023/SIM_submarine/models/submarine/src/../src/submarine_init.cpp:17:9: warning: unused variable â€˜ballast_tank_volumeâ€™ [-Wunused-variable]
  double ballast_tank_volume = 1.0; //cubic meters
         ^
/home/caci114/Project_2023/SIM_submarine/models/submarine/src/../src/submarine_init.cpp:18:9: warning: unused variable â€˜hard_ballast_massâ€™ [-Wunused-variable]
  double hard_ballast_mass = 0.0; //kg
         ^
/home/caci114/Project_2023/SIM_submarine/models/submarine/src/../src/submarine_init.cpp:19:9: warning: unused variable â€˜hull_massâ€™ [-Wunused-variable]
  double hull_mass = 10000.0; //kg
         ^
/home/caci114/Project_2023/SIM_submarine/models/submarine/src/../src/submarine_init.cpp:20:9: warning: unused variable â€˜payload_massâ€™ [-Wunused-variable]
  double payload_mass = 1500.0; //kg
         ^
/home/caci114/Project_2023/SIM_submarine/models/submarine/src/../src/submarine_init.cpp:21:9: warning: unused variable â€˜Cdâ€™ [-Wunused-variable]
  double Cd = 0.5; //kg
         ^
/home/caci114/Project_2023/SIM_submarine/models/submarine/src/../src/submarine_init.cpp:22:9: warning: unused variable â€˜posâ€™ [-Wunused-variable]
  double pos[0] = 0.0; //meters x-direction
         ^
/home/caci114/Project_2023/SIM_submarine/models/submarine/src/../src/submarine_init.cpp:24:9: warning: unused variable â€˜velâ€™ [-Wunused-variable]
  double vel[0] = 0.0; //mps x-direction
         ^
In file included from /home/caci114/Project_2023/SIM_submarine/models/submarine/src/../src/submarine_init.cpp:8:0,
                 from /home/caci114/Project_2023/SIM_submarine/models/submarine/src/Submarine.cpp:9:
/home/caci114/Project_2023/SIM_submarine/models/submarine/src/../src/../include/Submarine.hh:19:7: error: redefinition of â€˜class Submarineâ€™
 class Submarine {
       ^
In file included from /home/caci114/Project_2023/SIM_submarine/models/submarine/src/Submarine.cpp:8:0:
/home/caci114/Project_2023/SIM_submarine/models/submarine/src/../include/Submarine.hh:19:7: error: previous definition of â€˜class Submarineâ€™
 class Submarine {
       ^
In file included from /home/caci114/Project_2023/SIM_submarine/models/submarine/src/Submarine.cpp:9:0:
/home/caci114/Project_2023/SIM_submarine/models/submarine/src/../src/submarine_init.cpp: In member function â€˜int Submarine::submarine_default_data()â€™:
/home/caci114/Project_2023/SIM_submarine/models/submarine/src/../src/submarine_init.cpp:12:9: warning: declaration of â€˜outer_hull_outer_radiusâ€™ shadows a member of 'this' [-Wshadow]
  double outer_hull_outer_radius = 1.3; //meters
         ^
/home/caci114/Project_2023/SIM_submarine/models/submarine/src/../src/submarine_init.cpp:13:9: warning: declaration of â€˜outer_hull_inner_radiusâ€™ shadows a member of 'this' [-Wshadow]
  double outer_hull_inner_radius = 1.25; //meters
         ^
/home/caci114/Project_2023/SIM_submarine/models/submarine/src/../src/submarine_init.cpp:14:9: warning: declaration of â€˜inner_hull_outer_radiusâ€™ shadows a member of 'this' [-Wshadow]
  double inner_hull_outer_radius = 1.10; //meters
         ^
/home/caci114/Project_2023/SIM_submarine/models/submarine/src/../src/submarine_init.cpp:15:9: warning: declaration of â€˜inner_hull_inner_radiusâ€™ shadows a member of 'this' [-Wshadow]
  double inner_hull_inner_radius = 1.00; //meters
         ^
/home/caci114/Project_2023/SIM_submarine/models/submarine/src/../src/submarine_init.cpp:16:9: warning: declaration of â€˜hull_lengthâ€™ shadows a member of 'this' [-Wshadow]
  double hull_length = 3.0; //meters
         ^
/home/caci114/Project_2023/SIM_submarine/models/submarine/src/../src/submarine_init.cpp:17:9: warning: declaration of â€˜ballast_tank_volumeâ€™ shadows a member of 'this' [-Wshadow]
  double ballast_tank_volume = 1.0; //cubic meters
         ^
/home/caci114/Project_2023/SIM_submarine/models/submarine/src/../src/submarine_init.cpp:18:9: warning: declaration of â€˜hard_ballast_massâ€™ shadows a member of 'this' [-Wshadow]
  double hard_ballast_mass = 0.0; //kg
         ^
/home/caci114/Project_2023/SIM_submarine/models/submarine/src/../src/submarine_init.cpp:19:9: warning: declaration of â€˜hull_massâ€™ shadows a member of 'this' [-Wshadow]
  double hull_mass = 10000.0; //kg
         ^
/home/caci114/Project_2023/SIM_submarine/models/submarine/src/../src/submarine_init.cpp:20:9: warning: declaration of â€˜payload_massâ€™ shadows a member of 'this' [-Wshadow]
  double payload_mass = 1500.0; //kg
         ^
/home/caci114/Project_2023/SIM_submarine/models/submarine/src/../src/submarine_init.cpp:21:9: warning: declaration of â€˜Cdâ€™ shadows a member of 'this' [-Wshadow]
  double Cd = 0.5; //kg
         ^
/home/caci114/Project_2023/SIM_submarine/models/submarine/src/../src/submarine_init.cpp:22:14: warning: declaration of â€˜posâ€™ shadows a member of 'this' [-Wshadow]
  double pos[0] = 0.0; //meters x-direction
              ^
/home/caci114/Project_2023/SIM_submarine/models/submarine/src/../src/submarine_init.cpp:22:18: error: array must be initialized with a brace-enclosed initializer
  double pos[0] = 0.0; //meters x-direction
                  ^
/home/caci114/Project_2023/SIM_submarine/models/submarine/src/../src/submarine_init.cpp:23:14: error: conflicting declaration â€˜double pos [1]â€™
  double pos[1] = 0.0; //meters y-direction
              ^
/home/caci114/Project_2023/SIM_submarine/models/submarine/src/../src/submarine_init.cpp:22:9: error: â€˜posâ€™ has a previous declaration as â€˜double pos [0]â€™
  double pos[0] = 0.0; //meters x-direction
         ^
/home/caci114/Project_2023/SIM_submarine/models/submarine/src/../src/submarine_init.cpp:24:14: warning: declaration of â€˜velâ€™ shadows a member of 'this' [-Wshadow]
  double vel[0] = 0.0; //mps x-direction
              ^
/home/caci114/Project_2023/SIM_submarine/models/submarine/src/../src/submarine_init.cpp:24:18: error: array must be initialized with a brace-enclosed initializer
  double vel[0] = 0.0; //mps x-direction
                  ^
/home/caci114/Project_2023/SIM_submarine/models/submarine/src/../src/submarine_init.cpp:25:14: error: conflicting declaration â€˜double vel [1]â€™
  double vel[1] = 0.0; //mps y-direction
              ^
/home/caci114/Project_2023/SIM_submarine/models/submarine/src/../src/submarine_init.cpp:24:9: error: â€˜velâ€™ has a previous declaration as â€˜double vel [0]â€™
  double vel[0] = 0.0; //mps x-direction
         ^
/home/caci114/Project_2023/SIM_submarine/models/submarine/src/../src/submarine_init.cpp:12:9: warning: unused variable â€˜outer_hull_outer_radiusâ€™ [-Wunused-variable]
  double outer_hull_outer_radius = 1.3; //meters
         ^
/home/caci114/Project_2023/SIM_submarine/models/submarine/src/../src/submarine_init.cpp:13:9: warning: unused variable â€˜outer_hull_inner_radiusâ€™ [-Wunused-variable]
  double outer_hull_inner_radius = 1.25; //meters
         ^
/home/caci114/Project_2023/SIM_submarine/models/submarine/src/../src/submarine_init.cpp:14:9: warning: unused variable â€˜inner_hull_outer_radiusâ€™ [-Wunused-variable]
  double inner_hull_outer_radius = 1.10; //meters
         ^
/home/caci114/Project_2023/SIM_submarine/models/submarine/src/../src/submarine_init.cpp:15:9: warning: unused variable â€˜inner_hull_inner_radiusâ€™ [-Wunused-variable]
  double inner_hull_inner_radius = 1.00; //meters
         ^
/home/caci114/Project_2023/SIM_submarine/models/submarine/src/../src/submarine_init.cpp:16:9: warning: unused variable â€˜hull_lengthâ€™ [-Wunused-variable]
  double hull_length = 3.0; //meters
         ^
/home/caci114/Project_2023/SIM_submarine/models/submarine/src/../src/submarine_init.cpp:17:9: warning: unused variable â€˜ballast_tank_volumeâ€™ [-Wunused-variable]
  double ballast_tank_volume = 1.0; //cubic meters
         ^
/home/caci114/Project_2023/SIM_submarine/models/submarine/src/../src/submarine_init.cpp:18:9: warning: unused variable â€˜hard_ballast_massâ€™ [-Wunused-variable]
  double hard_ballast_mass = 0.0; //kg
         ^
/home/caci114/Project_2023/SIM_submarine/models/submarine/src/../src/submarine_init.cpp:19:9: warning: unused variable â€˜hull_massâ€™ [-Wunused-variable]
  double hull_mass = 10000.0; //kg
         ^
/home/caci114/Project_2023/SIM_submarine/models/submarine/src/../src/submarine_init.cpp:20:9: warning: unused variable â€˜payload_massâ€™ [-Wunused-variable]
  double payload_mass = 1500.0; //kg
         ^
/home/caci114/Project_2023/SIM_submarine/models/submarine/src/../src/submarine_init.cpp:21:9: warning: unused variable â€˜Cdâ€™ [-Wunused-variable]
  double Cd = 0.5; //kg
         ^
/home/caci114/Project_2023/SIM_submarine/models/submarine/src/../src/submarine_init.cpp:22:9: warning: unused variable â€˜posâ€™ [-Wunused-variable]
  double pos[0] = 0.0; //meters x-direction
         ^
/home/caci114/Project_2023/SIM_submarine/models/submarine/src/../src/submarine_init.cpp:24:9: warning: unused variable â€˜velâ€™ [-Wunused-variable]
  double vel[0] = 0.0; //mps x-direction
         ^
In file included from /home/caci114/Project_2023/SIM_submarine/models/submarine/src/../src/submarine_init.cpp:8:0,
                 from /home/caci114/Project_2023/SIM_submarine/models/submarine/src/Submarine.cpp:9:
/home/caci114/Project_2023/SIM_submarine/models/submarine/src/../src/../include/Submarine.hh:19:7: error: redefinition of â€˜class Submarineâ€™
 class Submarine {
       ^
In file included from /home/caci114/Project_2023/SIM_submarine/models/submarine/src/Submarine.cpp:8:0:
/home/caci114/Project_2023/SIM_submarine/models/submarine/src/../include/Submarine.hh:19:7: error: previous definition of â€˜class Submarineâ€™
 class Submarine {
       ^
/home/caci114/Project_2023/SIM_submarine/models/submarine/src/submarine_shutdown.cpp:5:35: fatal error: ../include/submarine.hh: No such file or directory
 #include "../include/submarine.hh"
                                   ^
compilation terminated.
/home/caci114/Project_2023/SIM_submarine/models/submarine/src/submarine_shutdown.cpp: In function â€˜int submarine_shutdown()â€™:
/home/caci114/Project_2023/SIM_submarine/models/submarine/src/submarine_shutdown.cpp:13:37: error: â€˜posâ€™ was not declared in this scope
     printf( "pos = [%.9f, %.9f]\n", pos[0], pos[1]);
                                     ^
/home/caci114/Project_2023/SIM_submarine/models/submarine/src/submarine_shutdown.cpp:14:37: error: â€˜velâ€™ was not declared in this scope
     printf( "vel = [%.9f, %.9f]\n", vel[0], vel[1]);
                                     ^
build/home/caci114/Project_2023/SIM_submarine/models/submarine/src/submarine_init.o: In function `Submarine::submarine_default_data()':
/home/caci114/Project_2023/SIM_submarine/models/submarine/src/submarine_init.cpp:11: multiple definition of `Submarine::submarine_default_data()'
build/home/caci114/Project_2023/SIM_submarine/models/submarine/src/Submarine.o:/home/caci114/Project_2023/SIM_submarine/models/submarine/src/../src/submarine_init.cpp:11: first defined here
build/home/caci114/Project_2023/SIM_submarine/models/submarine/src/submarine_init.o: In function `Submarine::submarine_init()':
/home/caci114/Project_2023/SIM_submarine/models/submarine/src/submarine_init.cpp:29: multiple definition of `Submarine::submarine_init()'
build/home/caci114/Project_2023/SIM_submarine/models/submarine/src/Submarine.o:/home/caci114/Project_2023/SIM_submarine/models/submarine/src/../src/submarine_init.cpp:29: first defined here
collect2: error: ld returned 1 exit status
build/home/caci114/Project_2023/SIM_submarine/models/submarine/src/submarine_init.o: In function `Submarine::submarine_default_data()':
/home/caci114/Project_2023/SIM_submarine/models/submarine/src/submarine_init.cpp:11: multiple definition of `Submarine::submarine_default_data()'
build/home/caci114/Project_2023/SIM_submarine/models/submarine/src/Submarine.o:/home/caci114/Project_2023/SIM_submarine/models/submarine/src/../src/submarine_init.cpp:11: first defined here
build/home/caci114/Project_2023/SIM_submarine/models/submarine/src/submarine_init.o: In function `Submarine::submarine_init()':
/home/caci114/Project_2023/SIM_submarine/models/submarine/src/submarine_init.cpp:29: multiple definition of `Submarine::submarine_init()'
build/home/caci114/Project_2023/SIM_submarine/models/submarine/src/Submarine.o:/home/caci114/Project_2023/SIM_submarine/models/submarine/src/../src/submarine_init.cpp:29: first defined here
collect2: error: ld returned 1 exit status
build/home/caci114/Project_2023/SIM_submarine/models/submarine/src/submarine_init.o: In function `Submarine::submarine_default_data()':
/home/caci114/Project_2023/SIM_submarine/models/submarine/src/submarine_init.cpp:11: multiple definition of `Submarine::submarine_default_data()'
build/home/caci114/Project_2023/SIM_submarine/models/submarine/src/Submarine.o:/home/caci114/Project_2023/SIM_submarine/models/submarine/src/../src/submarine_init.cpp:11: first defined here
build/home/caci114/Project_2023/SIM_submarine/models/submarine/src/submarine_init.o: In function `Submarine::submarine_init()':
/home/caci114/Project_2023/SIM_submarine/models/submarine/src/submarine_init.cpp:29: multiple definition of `Submarine::submarine_init()'
build/home/caci114/Project_2023/SIM_submarine/models/submarine/src/Submarine.o:/home/caci114/Project_2023/SIM_submarine/models/submarine/src/../src/submarine_init.cpp:29: first defined here
collect2: error: ld returned 1 exit status
build/home/caci114/Project_2023/SIM_submarine/models/submarine/src/submarine_init.o: In function `Submarine::submarine_default_data()':
/home/caci114/Project_2023/SIM_submarine/models/submarine/src/submarine_init.cpp:11: multiple definition of `Submarine::submarine_default_data()'
build/home/caci114/Project_2023/SIM_submarine/models/submarine/src/Submarine.o:/home/caci114/Project_2023/SIM_submarine/models/submarine/src/../src/submarine_init.cpp:11: first defined here
build/home/caci114/Project_2023/SIM_submarine/models/submarine/src/submarine_init.o: In function `Submarine::submarine_init()':
/home/caci114/Project_2023/SIM_submarine/models/submarine/src/submarine_init.cpp:29: multiple definition of `Submarine::submarine_init()'
build/home/caci114/Project_2023/SIM_submarine/models/submarine/src/Submarine.o:/home/caci114/Project_2023/SIM_submarine/models/submarine/src/../src/submarine_init.cpp:29: first defined here
collect2: error: ld returned 1 exit status
build/home/caci114/Project_2023/SIM_submarine/models/submarine/src/submarine_init.o: In function `Submarine::submarine_default_data()':
/home/caci114/Project_2023/SIM_submarine/models/submarine/src/submarine_init.cpp:11: multiple definition of `Submarine::submarine_default_data()'
build/home/caci114/Project_2023/SIM_submarine/models/submarine/src/Submarine.o:/home/caci114/Project_2023/SIM_submarine/models/submarine/src/../src/submarine_init.cpp:11: first defined here
build/home/caci114/Project_2023/SIM_submarine/models/submarine/src/submarine_init.o: In function `Submarine::submarine_init()':
/home/caci114/Project_2023/SIM_submarine/models/submarine/src/submarine_init.cpp:29: multiple definition of `Submarine::submarine_init()'
build/home/caci114/Project_2023/SIM_submarine/models/submarine/src/Submarine.o:/home/caci114/Project_2023/SIM_submarine/models/submarine/src/../src/submarine_init.cpp:29: first defined here
collect2: error: ld returned 1 exit status
/home/caci114/Project_2023/SIM_submarine/models/submarine/src/Submarine.cpp: In member function â€˜int Submarine::submarine_deriv()â€™:
/home/caci114/Project_2023/SIM_submarine/models/submarine/src/Submarine.cpp:39:64: error: â€˜absâ€™ was not declared in this scope
  drag_force = (-0.5) * DENSITY_SALT_WATER * vel[1] * abs(vel[1]) * Cd * A; //Force of Drag
                                                                ^
/home/caci114/Project_2023/SIM_submarine/models/submarine/src/Submarine.cpp:11:14: error: found â€˜:â€™ in nested-name-specifier, expected â€˜::â€™
 int Submarine:control(){
              ^
/home/caci114/Project_2023/SIM_submarine/models/submarine/src/Submarine.cpp:11:23: error: no â€˜int Submarine::control()â€™ member function declared in class â€˜Submarineâ€™
 int Submarine:control(){
                       ^
/home/caci114/Project_2023/SIM_submarine/models/submarine/src/Submarine.cpp:11:14: error: found â€˜:â€™ in nested-name-specifier, expected â€˜::â€™
 int Submarine:submarine_control(){
              ^
/home/caci114/Project_2023/SIM_submarine/models/submarine/src/Submarine.cpp: In member function â€˜int Submarine::submarine_deriv()â€™:
/home/caci114/Project_2023/SIM_submarine/models/submarine/src/Submarine.cpp:43:25: error: cannot convert â€˜doubleâ€™ to â€˜const char*â€™ for argument â€˜1â€™ to â€˜int printf(const char*, ...)â€™
  printf(hull_disp_volume);
                         ^
/home/caci114/Project_2023/SIM_submarine/models/submarine/src/Submarine.cpp:44:27: error: cannot convert â€˜doubleâ€™ to â€˜const char*â€™ for argument â€˜1â€™ to â€˜int printf(const char*, ...)â€™
  printf(ballast_air_volume);
                           ^
/home/caci114/Project_2023/SIM_submarine/models/submarine/src/Submarine.cpp: In member function â€˜int Submarine::submarine_deriv()â€™:
/home/caci114/Project_2023/SIM_submarine/models/submarine/src/Submarine.cpp:43:24: error: â€˜printâ€™ was not declared in this scope
  print(hull_disp_volume);
                        ^
/home/caci114/Project_2023/SIM_submarine/models/submarine/src/Submarine.cpp: In member function â€˜int Submarine::submarine_deriv()â€™:
/home/caci114/Project_2023/SIM_submarine/models/submarine/src/Submarine.cpp:43:24: error: â€˜printâ€™ was not declared in this scope
  print(hull_disp_volume);
                        ^
/home/caci114/Project_2023/SIM_submarine/models/submarine/src/Submarine.cpp: In member function â€˜int Submarine::submarine_deriv()â€™:
/home/caci114/Project_2023/SIM_submarine/models/submarine/src/Submarine.cpp:43:25: error: cannot convert â€˜doubleâ€™ to â€˜const char*â€™ for argument â€˜1â€™ to â€˜int printf(const char*, ...)â€™
  printf(hull_disp_volume);
                         ^
/home/caci114/Project_2023/SIM_submarine/models/submarine/src/Submarine.cpp:44:27: error: cannot convert â€˜doubleâ€™ to â€˜const char*â€™ for argument â€˜1â€™ to â€˜int printf(const char*, ...)â€™
  printf(ballast_air_volume);
                           ^
/home/caci114/Project_2023/SIM_submarine/models/submarine/src/submarine_init.cpp: In member function â€˜int Submarine::submarine_default_data()â€™:
/home/caci114/Project_2023/SIM_submarine/models/submarine/src/submarine_init.cpp:27:2: error: expected â€˜;â€™ before â€˜accâ€™
  acc[1] = 0.0
  ^
build/S_source.cpp: In member function â€˜virtual int SubmarineSimObject::call_function(Trick::JobData*)â€™:
build/S_source.cpp:1019:23: error: â€˜class Submarineâ€™ has no member named â€˜controlâ€™
             submarine.control() ;
                       ^
